<?xml version="1.0" encoding="UTF-8"?>
<!-- Generated by org.testng.reporters.JUnitXMLReporter -->
<testsuite ignored="0" hostname="DESKTOP-FAN78JE" failures="2" tests="6" name="Test" time="0.317" errors="0" timestamp="2023-01-11T12:14:51 IST">
  <testcase classname="myListener.MyTesting2" name="Q" time="0.024">
    <failure type="java.lang.AssertionError" message="null">
      <![CDATA[java.lang.AssertionError: null
at myListener.MyTesting2.Q(MyTesting2.java:17)
at java.base/java.util.ArrayList.forEach(ArrayList.java:1541)
... Removed 29 stack frames]]>
    </failure>
  </testcase> <!-- Q -->
  <testcase classname="myListener.MyTesting2" name="P" time="0.005"/>
  <testcase classname="myListener.MyTesting2" name="R" time="0.0">
    <skipped/>
  </testcase> <!-- R -->
  <testcase classname="myListener.MyTesting1" name="A" time="0.002"/>
  <testcase classname="myListener.MyTesting1" name="B" time="0.001">
    <failure type="java.lang.AssertionError" message="null">
      <![CDATA[java.lang.AssertionError: null
at myListener.MyTesting1.B(MyTesting1.java:18)
at java.base/java.util.ArrayList.forEach(ArrayList.java:1541)
... Removed 29 stack frames]]>
    </failure>
  </testcase> <!-- B -->
  <testcase classname="myListener.MyTesting1" name="C" time="0.0">
    <skipped/>
  </testcase> <!-- C -->
</testsuite> <!-- Test -->
